0 info it worked if it ends with ok
1 verbose cli [ '/usr/bin/nodejs', '/usr/bin/npm', 'run', 'widget_test_dev' ]
2 info using npm@3.10.10
3 info using node@v6.11.1
4 verbose run-script [ 'prewidget_test_dev',
4 verbose run-script   'widget_test_dev',
4 verbose run-script   'postwidget_test_dev' ]
5 info lifecycle @~prewidget_test_dev: @
6 silly lifecycle @~prewidget_test_dev: no script for prewidget_test_dev, continuing
7 info lifecycle @~widget_test_dev: @
8 verbose lifecycle @~widget_test_dev: unsafe-perm in lifecycle true
9 verbose lifecycle @~widget_test_dev: PATH: /usr/lib/node_modules/npm/bin/node-gyp-bin:/var/www/emsearch/node_modules/.bin:/usr/local/sbin:/usr/local/bin:/usr/sbin:/usr/bin:/sbin:/bin
10 verbose lifecycle @~widget_test_dev: CWD: /var/www/emsearch
11 silly lifecycle @~widget_test_dev: Args: [ '-c',
11 silly lifecycle   'cross-env NODE_ENV=development webpack --progress --config=storage/app/widgets/assets/b070b438-781d-11e7-b5a5-be2e44b06b34/webpack.config.js' ]
12 silly lifecycle @~widget_test_dev: Returned: code: 1  signal: null
13 info lifecycle @~widget_test_dev: Failed to exec widget_test_dev script
14 verbose stack Error: @ widget_test_dev: `cross-env NODE_ENV=development webpack --progress --config=storage/app/widgets/assets/b070b438-781d-11e7-b5a5-be2e44b06b34/webpack.config.js`
14 verbose stack Exit status 1
14 verbose stack     at EventEmitter.<anonymous> (/usr/lib/node_modules/npm/lib/utils/lifecycle.js:255:16)
14 verbose stack     at emitTwo (events.js:106:13)
14 verbose stack     at EventEmitter.emit (events.js:191:7)
14 verbose stack     at ChildProcess.<anonymous> (/usr/lib/node_modules/npm/lib/utils/spawn.js:40:14)
14 verbose stack     at emitTwo (events.js:106:13)
14 verbose stack     at ChildProcess.emit (events.js:191:7)
14 verbose stack     at maybeClose (internal/child_process.js:891:16)
14 verbose stack     at Process.ChildProcess._handle.onexit (internal/child_process.js:226:5)
15 verbose pkgid @
16 verbose cwd /var/www/emsearch
17 error Linux 4.4.35-2-pve
18 error argv "/usr/bin/nodejs" "/usr/bin/npm" "run" "widget_test_dev"
19 error node v6.11.1
20 error npm  v3.10.10
21 error code ELIFECYCLE
22 error @ widget_test_dev: `cross-env NODE_ENV=development webpack --progress --config=storage/app/widgets/assets/b070b438-781d-11e7-b5a5-be2e44b06b34/webpack.config.js`
22 error Exit status 1
23 error Failed at the @ widget_test_dev script 'cross-env NODE_ENV=development webpack --progress --config=storage/app/widgets/assets/b070b438-781d-11e7-b5a5-be2e44b06b34/webpack.config.js'.
23 error Make sure you have the latest version of node.js and npm installed.
23 error If you do, this is most likely a problem with the  package,
23 error not with npm itself.
23 error Tell the author that this fails on your system:
23 error     cross-env NODE_ENV=development webpack --progress --config=storage/app/widgets/assets/b070b438-781d-11e7-b5a5-be2e44b06b34/webpack.config.js
23 error You can get information on how to open an issue for this project with:
23 error     npm bugs
23 error Or if that isn't available, you can get their info via:
23 error     npm owner ls
23 error There is likely additional logging output above.
24 verbose exit [ 1, true ]
